SF:lib/data/datasources/db/database_helper.dart
DA:9,0
DA:13,0
DA:17,0
DA:18,0
DA:24,0
DA:25,0
DA:26,0
DA:28,0
DA:32,0
DA:33,0
DA:44,0
DA:45,0
DA:46,0
DA:49,0
DA:50,0
DA:51,0
DA:54,0
DA:58,0
DA:59,0
DA:60,0
DA:63,0
DA:66,0
DA:67,0
DA:73,0
DA:74,0
DA:75,0
LF:26
LH:0
end_of_record
SF:lib/data/datasources/watchlist_local_data_source.dart
DA:16,1
DA:18,1
DA:21,2
DA:24,2
DA:28,1
DA:31,2
DA:34,2
DA:38,1
DA:40,2
DA:42,1
DA:48,1
DA:50,2
DA:51,4
LF:13
LH:13
end_of_record
SF:lib/data/models/watchlist_table.dart
DA:13,11
DA:21,4
DA:22,2
DA:23,4
DA:24,2
DA:25,2
DA:26,2
DA:29,4
DA:30,2
DA:31,2
DA:32,2
DA:33,2
DA:34,2
DA:37,2
DA:38,1
DA:39,1
DA:40,1
DA:41,1
DA:42,1
DA:45,4
DA:46,2
DA:47,4
DA:48,2
DA:49,2
DA:50,2
DA:53,3
DA:54,3
DA:55,3
DA:56,3
DA:57,3
DA:58,3
DA:59,3
LF:32
LH:32
end_of_record
SF:lib/domain/entities/watchlist.dart
DA:6,10
DA:20,2
DA:21,2
DA:22,2
DA:23,2
DA:24,2
DA:25,2
DA:26,2
LF:8
LH:8
end_of_record
SF:lib/domain/enums/show_type.dart
DA:6,2
DA:8,2
DA:10,1
LF:3
LH:3
end_of_record
SF:lib/domain/usecases/get_watchlist_items.dart
DA:10,1
DA:12,1
DA:13,2
LF:3
LH:3
end_of_record
SF:lib/domain/usecases/get_watchlist_status.dart
DA:6,1
DA:8,1
DA:9,2
LF:3
LH:3
end_of_record
SF:lib/domain/usecases/remove_watchlist.dart
DA:10,1
DA:12,1
DA:13,2
LF:3
LH:3
end_of_record
SF:lib/domain/usecases/save_watchlist.dart
DA:10,1
DA:12,1
DA:13,2
LF:3
LH:3
end_of_record
SF:lib/presentation/blocs/watchlist_list_state.dart
DA:8,11
DA:14,1
DA:15,1
DA:16,1
DA:17,1
DA:18,1
DA:21,1
DA:26,1
DA:27,0
DA:28,1
DA:29,1
LF:11
LH:10
end_of_record
SF:lib/presentation/blocs/watchlist_list_cubit.dart
DA:11,1
DA:13,1
DA:17,1
DA:18,3
DA:21,3
DA:23,2
DA:24,1
DA:25,1
DA:26,1
DA:27,2
DA:28,1
DA:33,1
DA:34,1
DA:35,2
LF:14
LH:14
end_of_record
SF:lib/presentation/pages/watchlist_list_page.dart
DA:9,1
DA:11,1
DA:12,1
DA:17,1
DA:19,1
DA:20,5
DA:23,1
DA:25,1
DA:26,4
DA:29,0
DA:31,0
DA:32,0
DA:35,1
DA:37,2
DA:38,1
DA:41,1
DA:43,1
DA:44,1
DA:47,1
DA:49,1
DA:50,1
DA:51,2
DA:55,2
DA:56,2
DA:61,1
DA:62,2
DA:63,1
DA:64,2
DA:65,1
DA:70,1
DA:72,2
LF:31
LH:28
end_of_record
SF:lib/presentation/widgets/watchlist_card.dart
DA:9,1
DA:16,1
DA:18,1
DA:20,1
DA:21,0
DA:22,0
DA:23,0
DA:26,0
DA:30,0
DA:33,0
DA:36,1
DA:38,1
DA:39,1
DA:40,1
DA:46,1
DA:48,1
DA:49,1
DA:50,2
DA:53,1
DA:56,1
DA:57,2
DA:65,1
DA:70,1
DA:72,1
DA:73,3
DA:75,1
DA:78,0
LF:27
LH:20
end_of_record
SF:lib/data/repositories/watchlist_repository_impl.dart
DA:12,1
DA:16,1
DA:20,3
DA:21,1
DA:22,1
DA:23,3
DA:29,1
DA:33,3
DA:34,1
DA:35,1
DA:36,3
DA:40,1
DA:42,2
DA:46,1
DA:48,2
DA:49,5
LF:16
LH:16
end_of_record
