SF:lib/common/exception.dart
DA:6,2
LF:1
LH:1
end_of_record
SF:lib/data/datasources/db/database_helper.dart
DA:9,0
DA:13,0
DA:17,0
DA:18,0
DA:24,0
DA:25,0
DA:26,0
DA:28,0
DA:32,0
DA:33,0
DA:44,0
DA:45,0
DA:46,0
DA:49,0
DA:50,0
DA:51,0
DA:54,0
DA:58,0
DA:59,0
DA:60,0
DA:63,0
DA:66,0
DA:67,0
DA:73,0
DA:74,0
DA:75,0
LF:26
LH:0
end_of_record
SF:lib/data/datasources/movie_local_data_source.dart
DA:15,1
DA:17,1
DA:20,2
DA:23,2
DA:27,1
DA:30,2
DA:33,2
DA:37,1
DA:39,2
DA:41,1
DA:47,1
DA:49,2
DA:50,4
LF:13
LH:13
end_of_record
SF:lib/data/models/movie_table.dart
DA:14,19
DA:22,2
DA:23,1
DA:24,2
DA:25,1
DA:26,1
DA:27,1
DA:30,2
DA:31,1
DA:32,2
DA:33,1
DA:34,1
DA:35,1
DA:38,2
DA:39,1
DA:40,1
DA:41,1
DA:42,1
DA:43,1
DA:46,0
DA:47,0
DA:48,0
DA:49,0
DA:50,0
DA:51,0
DA:54,2
DA:55,1
DA:56,2
DA:57,1
DA:58,1
DA:59,1
DA:62,2
DA:63,2
DA:64,2
DA:65,2
DA:66,2
DA:67,2
DA:68,2
LF:38
LH:32
end_of_record
SF:lib/domain/entities/genre.dart
DA:4,19
DA:12,1
DA:13,3
LF:3
LH:3
end_of_record
SF:lib/domain/entities/movie.dart
DA:6,35
DA:22,18
DA:52,3
DA:53,3
DA:54,3
DA:55,3
DA:56,3
DA:57,3
DA:58,3
DA:59,3
DA:60,3
DA:61,3
DA:62,3
DA:63,3
DA:64,3
DA:65,3
DA:66,3
LF:17
LH:17
end_of_record
SF:lib/domain/entities/movie_detail.dart
DA:9,19
DA:43,1
DA:44,1
DA:45,1
DA:46,1
DA:47,1
DA:48,1
DA:49,1
DA:50,1
DA:51,1
DA:52,1
DA:53,1
DA:54,1
DA:55,1
DA:56,1
DA:57,1
DA:60,2
DA:61,1
DA:62,1
DA:63,1
DA:64,5
DA:65,1
DA:66,1
DA:67,1
DA:68,1
DA:69,1
DA:70,1
DA:71,1
DA:72,1
DA:73,1
LF:30
LH:30
end_of_record
SF:lib/domain/entities/season.dart
DA:13,18
DA:24,0
DA:25,0
DA:26,0
DA:27,0
DA:28,0
DA:29,0
DA:30,0
DA:31,0
DA:32,0
DA:33,0
LF:11
LH:1
end_of_record
SF:lib/domain/enums/show_type.dart
DA:6,1
DA:8,1
DA:10,0
LF:3
LH:2
end_of_record
SF:lib/data/datasources/movie_remote_data_source.dart
DA:25,1
DA:27,1
DA:30,3
DA:32,2
DA:33,4
DA:35,1
DA:39,1
DA:42,4
DA:44,2
DA:45,3
DA:47,1
DA:51,1
DA:53,1
DA:54,3
DA:56,2
DA:57,4
DA:59,1
DA:63,1
DA:66,3
DA:68,2
DA:69,4
DA:71,1
DA:75,1
DA:78,3
DA:80,2
DA:81,4
DA:83,1
DA:87,1
DA:89,1
DA:90,3
DA:92,2
DA:93,4
DA:95,1
LF:33
LH:33
end_of_record
SF:lib/data/datasources/tv_remote_data_source.dart
DA:25,1
DA:27,1
DA:30,3
DA:32,2
DA:33,4
DA:35,1
DA:39,1
DA:42,3
DA:44,2
DA:45,4
DA:47,1
DA:51,1
DA:54,3
DA:56,2
DA:57,4
DA:59,1
DA:63,1
DA:65,1
DA:66,3
DA:68,2
DA:69,4
DA:71,1
DA:75,1
DA:78,4
DA:80,2
DA:81,4
DA:83,1
DA:87,1
DA:89,4
DA:91,2
DA:92,3
DA:94,1
LF:32
LH:32
end_of_record
SF:lib/common/failure.dart
DA:6,18
DA:8,1
DA:9,2
DA:13,15
DA:17,4
DA:21,5
LF:6
LH:6
end_of_record
SF:lib/data/models/movie_detail_model.dart
DA:8,2
DA:54,1
DA:55,1
DA:56,1
DA:57,1
DA:58,1
DA:59,1
DA:60,4
DA:61,1
DA:62,1
DA:63,1
DA:64,1
DA:65,1
DA:66,1
DA:67,2
DA:68,1
DA:69,1
DA:70,1
DA:71,1
DA:72,1
DA:73,1
DA:74,1
DA:75,1
DA:76,2
DA:77,1
DA:80,1
DA:81,1
DA:83,1
DA:84,1
DA:85,5
DA:86,1
DA:87,1
DA:88,1
DA:89,1
DA:90,1
DA:91,1
DA:92,1
DA:93,1
DA:94,1
DA:95,1
DA:100,1
DA:101,1
DA:102,1
DA:103,1
DA:104,1
DA:105,1
DA:106,1
DA:107,1
DA:108,1
DA:109,1
DA:110,1
DA:111,1
DA:112,1
DA:113,1
DA:114,1
DA:115,1
DA:116,1
DA:117,1
DA:118,1
DA:119,1
DA:120,1
DA:121,1
DA:122,1
LF:63
LH:63
end_of_record
SF:lib/data/models/movie_model.dart
DA:7,5
DA:37,4
DA:38,2
DA:39,2
DA:40,8
DA:41,2
DA:42,2
DA:43,2
DA:44,4
DA:45,2
DA:46,2
DA:47,2
DA:48,2
DA:49,4
DA:50,2
DA:53,2
DA:54,1
DA:55,1
DA:56,4
DA:57,1
DA:58,1
DA:59,1
DA:60,1
DA:61,1
DA:62,1
DA:63,1
DA:64,1
DA:65,1
DA:66,1
DA:69,2
DA:70,2
DA:72,2
DA:73,2
DA:74,2
DA:75,2
DA:76,2
DA:77,2
DA:78,2
DA:79,2
DA:80,2
DA:81,2
DA:82,2
DA:83,2
DA:87,2
DA:88,2
DA:89,2
DA:90,2
DA:91,2
DA:92,2
DA:93,2
DA:94,2
DA:95,2
DA:96,2
DA:97,2
DA:98,2
DA:99,2
DA:100,2
DA:101,2
LF:58
LH:58
end_of_record
SF:lib/data/models/movie_response.dart
DA:8,3
DA:10,4
DA:11,4
DA:12,6
DA:13,6
DA:16,2
DA:17,5
DA:20,1
DA:21,2
LF:9
LH:9
end_of_record
SF:lib/data/models/tv_detail_model.dart
DA:36,2
DA:65,1
DA:66,1
DA:68,1
DA:69,1
DA:70,5
DA:71,1
DA:72,1
DA:73,1
DA:74,1
DA:75,2
DA:76,1
DA:77,1
DA:78,1
DA:79,1
DA:80,1
DA:81,5
DA:85,1
DA:86,1
DA:87,1
DA:88,1
DA:89,1
DA:90,1
DA:91,1
DA:92,1
DA:93,1
DA:94,1
DA:95,1
DA:96,1
DA:97,1
DA:98,1
DA:99,1
DA:100,1
DA:101,1
DA:102,1
DA:103,1
DA:104,1
DA:105,1
DA:106,1
DA:107,1
DA:108,1
DA:109,1
DA:110,1
DA:111,1
DA:112,1
DA:115,2
DA:116,1
DA:117,1
DA:119,3
DA:120,2
DA:121,1
DA:122,4
DA:123,1
DA:124,1
DA:125,1
DA:126,4
DA:127,2
DA:128,1
DA:129,1
DA:130,1
DA:131,1
DA:132,4
DA:133,1
DA:134,1
DA:135,1
DA:136,2
DA:137,1
DA:138,1
DA:139,4
DA:140,1
DA:141,1
DA:142,1
DA:143,2
DA:144,1
LF:74
LH:74
end_of_record
SF:lib/data/models/tv_model.dart
DA:8,2
DA:36,2
DA:37,1
DA:38,1
DA:39,4
DA:40,1
DA:41,1
DA:42,1
DA:43,2
DA:44,1
DA:45,1
DA:46,1
DA:47,2
DA:48,1
DA:51,1
DA:52,1
DA:54,1
DA:55,1
DA:56,1
DA:57,1
DA:58,1
DA:59,1
DA:60,1
DA:61,1
DA:62,1
DA:63,1
DA:64,1
DA:65,1
DA:69,1
DA:70,1
DA:71,1
DA:72,1
DA:73,1
DA:74,1
DA:75,1
DA:76,1
DA:77,1
DA:78,1
DA:79,1
DA:80,1
DA:81,1
DA:82,1
LF:42
LH:42
end_of_record
SF:lib/data/models/tv_response.dart
DA:8,1
DA:10,2
DA:11,2
DA:12,3
DA:13,3
DA:16,0
DA:17,0
LF:7
LH:5
end_of_record
SF:lib/data/models/genre_model.dart
DA:6,4
DA:14,4
DA:15,2
DA:16,2
DA:19,2
DA:20,6
DA:23,2
DA:24,6
LF:8
LH:8
end_of_record
SF:lib/data/models/season_model.dart
DA:15,2
DA:26,1
DA:27,1
DA:28,1
DA:29,1
DA:30,1
DA:31,1
DA:32,1
DA:33,1
DA:34,1
DA:35,1
DA:38,2
DA:39,1
DA:40,1
DA:41,1
DA:42,1
DA:43,1
DA:44,1
DA:45,1
DA:46,1
DA:49,2
DA:51,3
DA:52,1
DA:53,1
DA:54,1
DA:55,1
DA:56,1
DA:57,1
DA:58,2
LF:29
LH:29
end_of_record
SF:lib/data/repositories/movie_repository_impl.dart
DA:17,1
DA:22,1
DA:25,2
DA:26,5
DA:27,1
DA:29,1
DA:34,1
DA:37,2
DA:38,2
DA:39,1
DA:41,1
DA:46,1
DA:49,2
DA:50,3
DA:51,1
DA:53,1
DA:58,1
DA:61,2
DA:62,5
DA:63,1
DA:65,1
DA:70,1
DA:73,2
DA:74,5
DA:75,1
DA:77,1
DA:82,1
DA:85,2
DA:86,5
DA:87,1
DA:89,1
LF:31
LH:31
end_of_record
SF:lib/data/repositories/tv_repository_impl.dart
DA:15,1
DA:19,1
DA:22,2
DA:23,5
DA:24,1
DA:26,1
DA:31,1
DA:34,2
DA:35,2
DA:36,1
DA:38,1
DA:43,1
DA:46,2
DA:47,3
DA:48,1
DA:50,1
DA:55,1
DA:58,2
DA:59,5
DA:60,1
DA:62,1
DA:67,1
DA:70,2
DA:71,5
DA:72,1
DA:74,1
DA:79,1
DA:82,2
DA:83,5
DA:84,1
DA:86,1
LF:31
LH:31
end_of_record
SF:lib/data/repositories/watchlist_repository_impl.dart
DA:14,1
DA:18,1
DA:22,3
DA:23,1
DA:24,1
DA:25,3
DA:31,1
DA:35,3
DA:36,1
DA:37,1
DA:38,3
DA:44,1
DA:48,3
DA:49,1
DA:50,1
DA:51,3
DA:55,1
DA:59,3
DA:60,1
DA:61,1
DA:62,3
DA:66,1
DA:68,2
DA:72,1
DA:74,2
DA:75,5
LF:26
LH:26
end_of_record
SF:lib/domain/usecases/movie/get_top_rated_movies.dart
DA:9,1
DA:11,1
DA:12,2
LF:3
LH:3
end_of_record
SF:lib/domain/usecases/movie/save_watchlist.dart
DA:10,1
DA:12,1
DA:13,2
LF:3
LH:3
end_of_record
SF:lib/domain/usecases/movie/get_movie_detail.dart
DA:10,1
DA:12,1
DA:13,2
LF:3
LH:3
end_of_record
SF:lib/domain/usecases/movie/get_movie_recommendations.dart
DA:10,1
DA:12,1
DA:13,2
LF:3
LH:3
end_of_record
SF:lib/domain/usecases/movie/get_watchlist_movies.dart
DA:10,1
DA:12,1
DA:13,2
LF:3
LH:3
end_of_record
SF:lib/domain/usecases/movie/get_now_playing_movies.dart
DA:10,1
DA:12,1
DA:13,2
LF:3
LH:3
end_of_record
SF:lib/domain/usecases/movie/remove_watchlist.dart
DA:10,1
DA:12,1
DA:13,2
LF:3
LH:3
end_of_record
SF:lib/domain/usecases/movie/get_popular_movies.dart
DA:9,1
DA:11,1
DA:12,2
LF:3
LH:3
end_of_record
SF:lib/domain/usecases/movie/search_movies.dart
DA:9,1
DA:11,1
DA:12,2
LF:3
LH:3
end_of_record
SF:lib/domain/usecases/movie/get_watchlist_status.dart
DA:6,1
DA:8,1
DA:9,2
LF:3
LH:3
end_of_record
SF:lib/domain/usecases/tv/search_tv.dart
DA:10,1
DA:12,1
DA:13,2
LF:3
LH:3
end_of_record
SF:lib/domain/usecases/tv/get_popular_tv.dart
DA:10,1
DA:12,1
DA:13,2
LF:3
LH:3
end_of_record
SF:lib/domain/usecases/tv/get_tv_recommendations.dart
DA:10,1
DA:12,1
DA:13,2
LF:3
LH:3
end_of_record
SF:lib/domain/usecases/tv/get_top_rated_tv.dart
DA:10,1
DA:12,1
DA:13,2
LF:3
LH:3
end_of_record
SF:lib/domain/usecases/tv/get_on_the_air_tv.dart
DA:10,1
DA:12,1
DA:13,2
LF:3
LH:3
end_of_record
SF:lib/domain/usecases/tv/get_tv_detail.dart
DA:10,1
DA:12,1
DA:13,2
LF:3
LH:3
end_of_record
SF:lib/domain/usecases/watchlist/save_watchlist.dart
DA:10,1
DA:12,1
DA:13,2
LF:3
LH:3
end_of_record
SF:lib/domain/usecases/watchlist/remove_watchlist.dart
DA:10,1
DA:12,1
DA:13,2
LF:3
LH:3
end_of_record
SF:lib/domain/usecases/watchlist/get_watchlist.dart
DA:10,1
DA:12,1
DA:13,2
LF:3
LH:3
end_of_record
SF:lib/domain/usecases/watchlist/get_watchlist_status.dart
DA:6,1
DA:8,1
DA:9,2
LF:3
LH:3
end_of_record
SF:lib/presentation/provider/movie/movie_detail_notifier.dart
DA:22,1
DA:31,2
DA:34,2
DA:37,2
DA:40,2
DA:43,2
DA:46,2
DA:48,1
DA:49,1
DA:50,1
DA:51,2
DA:52,2
DA:53,1
DA:54,1
DA:55,1
DA:56,2
DA:57,1
DA:59,1
DA:60,1
DA:61,1
DA:62,1
DA:63,1
DA:64,1
DA:65,1
DA:66,2
DA:68,1
DA:69,1
DA:70,1
DA:73,1
DA:74,1
DA:80,2
DA:82,1
DA:83,2
DA:85,1
DA:86,1
DA:87,2
DA:89,1
DA:90,1
DA:94,2
DA:97,1
DA:98,2
DA:100,1
DA:101,0
DA:102,0
DA:104,1
DA:105,1
DA:109,2
DA:112,1
DA:113,2
DA:114,1
DA:115,1
LF:51
LH:49
end_of_record
SF:lib/presentation/provider/movie/popular_movies_notifier.dart
DA:9,1
DA:12,2
DA:15,2
DA:18,2
DA:20,1
DA:21,1
DA:22,1
DA:24,2
DA:26,1
DA:27,1
DA:28,2
DA:29,1
DA:30,1
DA:32,1
DA:33,1
DA:34,1
DA:35,1
LF:17
LH:17
end_of_record
SF:lib/presentation/provider/movie/movie_list_notifier.dart
DA:10,2
DA:13,2
DA:16,2
DA:19,2
DA:22,2
DA:25,2
DA:28,2
DA:30,1
DA:40,1
DA:41,1
DA:42,1
DA:44,2
DA:45,1
DA:46,1
DA:47,1
DA:48,2
DA:49,1
DA:51,1
DA:52,1
DA:53,1
DA:54,1
DA:59,1
DA:60,1
DA:61,1
DA:63,2
DA:64,1
DA:65,1
DA:66,1
DA:67,2
DA:68,1
DA:70,1
DA:71,1
DA:72,1
DA:73,1
DA:78,1
DA:79,1
DA:80,1
DA:82,2
DA:83,1
DA:84,1
DA:85,1
DA:86,2
DA:87,1
DA:89,1
DA:90,1
DA:91,1
DA:92,1
LF:47
LH:47
end_of_record
SF:lib/presentation/provider/movie/movie_search_notifier.dart
DA:9,1
DA:12,2
DA:15,2
DA:18,2
DA:20,1
DA:21,1
DA:22,1
DA:24,2
DA:25,1
DA:26,1
DA:27,2
DA:28,1
DA:29,1
DA:31,1
DA:32,1
DA:33,1
DA:34,1
LF:17
LH:17
end_of_record
SF:lib/presentation/provider/movie/top_rated_movies_notifier.dart
DA:9,1
DA:12,2
DA:15,2
DA:18,2
DA:20,1
DA:21,1
DA:22,1
DA:24,2
DA:26,1
DA:27,1
DA:28,2
DA:29,1
DA:30,1
DA:32,1
DA:33,1
DA:34,1
DA:35,1
LF:17
LH:17
end_of_record
SF:lib/presentation/provider/tv/tv_list_notifier.dart
DA:11,2
DA:14,2
DA:17,2
DA:20,2
DA:23,2
DA:26,2
DA:29,2
DA:31,1
DA:41,1
DA:42,1
DA:43,1
DA:45,2
DA:46,1
DA:47,1
DA:48,1
DA:49,2
DA:50,1
DA:52,1
DA:53,1
DA:54,1
DA:55,1
DA:60,1
DA:61,1
DA:62,1
DA:64,2
DA:65,1
DA:66,1
DA:67,1
DA:68,2
DA:69,1
DA:71,1
DA:72,1
DA:73,1
DA:74,1
DA:79,1
DA:80,1
DA:81,1
DA:83,2
DA:84,1
DA:85,1
DA:86,1
DA:87,2
DA:88,1
DA:90,1
DA:91,1
DA:92,1
DA:93,1
LF:47
LH:47
end_of_record
SF:lib/presentation/provider/tv/on_the_air_tv_notifier.dart
DA:10,1
DA:13,2
DA:16,2
DA:19,2
DA:21,1
DA:22,1
DA:23,1
DA:25,2
DA:27,1
DA:28,1
DA:29,2
DA:30,1
DA:31,1
DA:33,1
DA:34,1
DA:35,1
DA:36,1
LF:17
LH:17
end_of_record
SF:lib/presentation/provider/tv/tv_detail_notifier.dart
DA:23,1
DA:32,2
DA:35,2
DA:38,2
DA:41,2
DA:44,2
DA:47,2
DA:49,1
DA:50,1
DA:51,1
DA:52,2
DA:53,2
DA:54,1
DA:55,1
DA:56,1
DA:57,2
DA:58,1
DA:60,1
DA:61,1
DA:62,1
DA:63,1
DA:64,1
DA:65,1
DA:66,1
DA:67,2
DA:69,1
DA:70,1
DA:71,1
DA:74,1
DA:75,1
DA:81,2
DA:83,1
DA:84,2
DA:86,1
DA:87,1
DA:88,2
DA:90,1
DA:91,1
DA:95,2
DA:98,1
DA:99,2
DA:101,1
DA:102,0
DA:103,0
DA:105,1
DA:106,1
DA:110,2
DA:113,1
DA:114,2
DA:115,1
DA:116,1
LF:51
LH:49
end_of_record
SF:lib/presentation/provider/tv/top_rated_tv_notifier.dart
DA:10,1
DA:13,2
DA:16,2
DA:19,2
DA:21,1
DA:22,1
DA:23,1
DA:25,2
DA:27,1
DA:28,1
DA:29,2
DA:30,1
DA:31,1
DA:33,1
DA:34,1
DA:35,1
DA:36,1
LF:17
LH:17
end_of_record
SF:lib/presentation/provider/tv/popular_tv_notifier.dart
DA:10,1
DA:13,2
DA:16,2
DA:19,2
DA:21,1
DA:22,1
DA:23,1
DA:25,2
DA:27,1
DA:28,1
DA:29,2
DA:30,1
DA:31,1
DA:33,1
DA:34,1
DA:35,1
DA:36,1
LF:17
LH:17
end_of_record
SF:lib/presentation/provider/tv/tv_search_notifier.dart
DA:10,1
DA:13,2
DA:16,2
DA:19,2
DA:21,1
DA:22,1
DA:23,1
DA:25,2
DA:26,1
DA:27,1
DA:28,2
DA:29,1
DA:30,1
DA:32,1
DA:33,1
DA:34,1
DA:35,1
LF:17
LH:17
end_of_record
SF:lib/presentation/provider/watchlist/watchlist_movie_notifier.dart
DA:8,2
DA:11,2
DA:14,2
DA:16,1
DA:20,1
DA:21,1
DA:22,1
DA:24,2
DA:25,1
DA:26,1
DA:27,1
DA:28,2
DA:29,1
DA:31,1
DA:32,1
DA:33,1
DA:34,1
LF:17
LH:17
end_of_record
SF:lib/presentation/pages/top_rated_movies_page.dart
DA:11,1
DA:13,1
DA:14,1
DA:18,1
DA:20,1
DA:21,2
DA:22,2
DA:23,1
DA:26,1
DA:28,1
DA:29,1
DA:32,1
DA:34,1
DA:35,1
DA:36,2
DA:40,2
DA:41,1
DA:42,0
DA:43,0
DA:44,0
DA:46,2
DA:49,1
DA:51,2
LF:23
LH:20
end_of_record
SF:lib/common/constants.dart
DA:15,4
DA:16,2
DA:17,6
DA:19,0
DA:21,0
DA:25,0
DA:26,0
DA:27,0
DA:28,0
DA:29,0
LF:10
LH:3
end_of_record
SF:lib/presentation/pages/movie_detail_page.dart
DA:17,1
DA:22,1
DA:23,1
DA:27,1
DA:29,1
DA:30,2
DA:31,2
DA:32,3
DA:33,2
DA:34,3
DA:38,1
DA:40,1
DA:41,1
DA:42,1
DA:43,2
DA:47,2
DA:48,1
DA:49,1
DA:50,1
DA:52,1
DA:53,1
DA:57,0
DA:70,1
DA:73,1
DA:75,3
DA:76,1
DA:77,1
DA:78,1
DA:79,3
DA:81,1
DA:84,0
DA:86,1
DA:88,1
DA:89,1
DA:90,1
DA:100,1
DA:101,1
DA:102,1
DA:104,1
DA:106,1
DA:108,1
DA:109,1
DA:110,2
DA:111,1
DA:113,1
DA:114,1
DA:115,1
DA:116,1
DA:119,2
DA:121,0
DA:124,0
DA:127,1
DA:129,1
DA:131,1
DA:133,1
DA:136,1
DA:139,2
DA:140,2
DA:142,1
DA:144,1
DA:145,1
DA:146,1
DA:152,1
DA:154,1
DA:155,1
DA:162,1
DA:163,3
DA:165,1
DA:166,3
DA:168,1
DA:169,1
DA:170,1
DA:171,3
DA:173,1
DA:179,4
DA:183,1
DA:185,1
DA:187,1
DA:188,2
DA:191,1
DA:193,1
DA:195,1
DA:196,1
DA:197,2
DA:202,2
DA:204,0
DA:205,2
DA:207,1
DA:209,1
DA:211,0
DA:212,0
DA:213,0
DA:215,0
DA:216,0
DA:217,0
DA:220,0
DA:223,0
DA:228,0
DA:230,0
DA:231,0
DA:237,0
DA:244,2
DA:248,0
DA:256,1
DA:258,1
DA:273,1
DA:275,1
DA:278,1
DA:280,0
DA:281,0
DA:290,1
DA:292,2
DA:293,3
DA:296,1
DA:300,3
DA:303,1
DA:304,1
DA:305,1
DA:307,1
DA:308,1
DA:310,0
LF:121
LH:100
end_of_record
SF:lib/presentation/widgets/movie_card_list.dart
DA:13,0
DA:15,0
DA:17,0
DA:19,0
DA:20,0
DA:21,0
DA:22,0
DA:25,0
DA:29,0
DA:32,0
DA:35,0
DA:37,0
DA:38,0
DA:39,0
DA:45,0
DA:47,0
DA:48,0
DA:49,0
DA:52,0
DA:55,0
DA:56,0
DA:64,0
DA:69,0
DA:71,0
DA:72,0
DA:74,0
DA:77,0
LF:27
LH:0
end_of_record
SF:lib/presentation/pages/tv_detail_page.dart
DA:18,1
DA:23,1
DA:24,1
DA:28,1
DA:30,1
DA:31,2
DA:32,2
DA:33,3
DA:34,2
DA:35,3
DA:39,1
DA:41,1
DA:42,1
DA:43,1
DA:44,2
DA:48,2
DA:49,1
DA:50,1
DA:51,1
DA:53,1
DA:54,1
DA:58,0
DA:71,1
DA:74,1
DA:76,3
DA:77,1
DA:78,1
DA:79,1
DA:80,3
DA:82,1
DA:85,0
DA:87,1
DA:89,1
DA:90,1
DA:91,1
DA:101,1
DA:102,1
DA:103,1
DA:105,1
DA:107,1
DA:109,1
DA:110,1
DA:111,2
DA:112,1
DA:114,1
DA:115,1
DA:116,1
DA:117,1
DA:119,3
DA:121,0
DA:123,0
DA:126,1
DA:127,1
DA:130,1
DA:132,1
DA:135,1
DA:138,2
DA:139,2
DA:141,1
DA:143,1
DA:144,1
DA:145,1
DA:151,1
DA:153,1
DA:154,1
DA:161,1
DA:162,3
DA:164,1
DA:165,3
DA:167,1
DA:168,1
DA:169,1
DA:170,3
DA:172,1
DA:178,4
DA:182,1
DA:184,1
DA:186,1
DA:187,2
DA:190,3
DA:191,0
DA:193,0
DA:195,0
DA:196,0
DA:197,0
DA:201,0
DA:203,1
DA:205,1
DA:207,1
DA:208,1
DA:209,2
DA:214,2
DA:216,0
DA:217,2
DA:219,1
DA:221,1
DA:223,0
DA:224,0
DA:225,0
DA:227,0
DA:228,0
DA:229,0
DA:232,0
DA:235,0
DA:240,0
DA:242,0
DA:243,0
DA:249,0
DA:256,2
DA:260,0
DA:268,1
DA:270,1
DA:285,1
DA:287,1
DA:290,1
DA:292,0
DA:293,0
DA:302,1
DA:304,2
DA:305,3
DA:308,1
DA:312,3
DA:315,1
DA:316,1
DA:317,1
DA:319,1
DA:320,1
DA:322,0
LF:128
LH:101
end_of_record
SF:lib/presentation/widgets/season_list_tile.dart
DA:10,0
DA:19,0
DA:21,0
DA:22,0
DA:23,0
DA:25,0
DA:28,0
DA:30,0
DA:31,0
DA:32,0
DA:34,0
DA:35,0
DA:37,0
DA:38,0
DA:39,0
DA:40,0
DA:41,0
DA:44,0
DA:48,0
DA:49,0
DA:50,0
DA:51,0
DA:53,0
DA:54,0
DA:55,0
DA:56,0
DA:57,0
DA:58,0
DA:59,0
DA:61,0
DA:67,0
DA:71,0
DA:72,0
DA:73,0
LF:34
LH:0
end_of_record
SF:lib/presentation/pages/on_the_air_tv_page.dart
DA:11,1
DA:13,1
DA:14,1
DA:18,1
DA:20,1
DA:21,1
DA:22,4
DA:25,1
DA:27,1
DA:28,1
DA:31,1
DA:33,1
DA:34,1
DA:35,2
DA:39,2
DA:40,1
DA:41,0
DA:42,0
DA:43,0
DA:45,2
DA:48,1
DA:50,2
LF:22
LH:19
end_of_record
SF:lib/presentation/pages/top_rated_tv_page.dart
DA:11,1
DA:13,1
DA:14,1
DA:18,1
DA:20,1
DA:21,1
DA:22,4
DA:25,1
DA:27,1
DA:28,1
DA:31,1
DA:33,1
DA:34,1
DA:35,2
DA:39,2
DA:40,1
DA:41,0
DA:42,0
DA:43,0
DA:45,2
DA:48,1
DA:50,2
LF:22
LH:19
end_of_record
SF:lib/presentation/pages/popular_tv_page.dart
DA:11,1
DA:13,1
DA:14,1
DA:18,1
DA:20,1
DA:21,2
DA:22,2
DA:23,1
DA:26,1
DA:28,1
DA:29,1
DA:32,1
DA:34,1
DA:35,1
DA:36,2
DA:40,2
DA:41,1
DA:42,0
DA:43,0
DA:44,0
DA:46,2
DA:49,1
DA:51,2
LF:23
LH:20
end_of_record
SF:lib/presentation/pages/popular_movies_page.dart
DA:11,1
DA:13,1
DA:14,1
DA:18,1
DA:20,1
DA:21,2
DA:22,2
DA:23,1
DA:26,1
DA:28,1
DA:29,1
DA:32,1
DA:34,1
DA:35,1
DA:36,2
DA:40,2
DA:41,1
DA:42,0
DA:43,0
DA:44,0
DA:46,2
DA:49,1
DA:51,2
LF:23
LH:20
end_of_record
