SF:lib/data/datasources/tv_remote_data_source.dart
DA:25,1
DA:27,1
DA:30,3
DA:32,2
DA:33,4
DA:35,1
DA:39,1
DA:42,3
DA:44,2
DA:45,4
DA:47,1
DA:51,1
DA:54,3
DA:56,2
DA:57,4
DA:59,1
DA:63,1
DA:65,1
DA:66,3
DA:68,2
DA:69,4
DA:71,1
DA:75,1
DA:78,4
DA:80,2
DA:81,4
DA:83,1
DA:87,1
DA:89,4
DA:91,2
DA:92,3
DA:94,1
LF:32
LH:32
end_of_record
SF:lib/data/models/tv_detail_model.dart
DA:35,2
DA:64,1
DA:65,1
DA:66,1
DA:67,1
DA:68,5
DA:69,1
DA:70,1
DA:71,1
DA:72,1
DA:73,2
DA:74,1
DA:75,1
DA:76,1
DA:77,1
DA:78,1
DA:79,5
DA:83,1
DA:84,1
DA:85,1
DA:86,1
DA:87,1
DA:88,1
DA:89,1
DA:90,1
DA:91,1
DA:92,1
DA:93,1
DA:94,1
DA:95,1
DA:96,1
DA:97,1
DA:98,1
DA:99,1
DA:100,1
DA:101,1
DA:102,1
DA:103,1
DA:104,1
DA:105,1
DA:106,1
DA:107,1
DA:108,1
DA:109,1
DA:110,1
DA:113,2
DA:114,1
DA:115,1
DA:117,3
DA:118,2
DA:119,1
DA:120,4
DA:121,1
DA:122,1
DA:123,1
DA:124,4
DA:125,2
DA:126,1
DA:127,1
DA:128,1
DA:129,1
DA:130,4
DA:131,1
DA:132,1
DA:133,1
DA:134,2
DA:135,1
DA:136,1
DA:137,4
DA:138,1
DA:139,1
DA:140,1
DA:141,2
DA:142,1
LF:74
LH:74
end_of_record
SF:lib/data/models/tv_response.dart
DA:8,3
DA:10,4
DA:11,4
DA:12,6
DA:13,6
DA:16,1
DA:17,2
DA:19,1
DA:20,1
DA:21,5
LF:10
LH:10
end_of_record
SF:lib/data/models/tv_model.dart
DA:7,5
DA:35,4
DA:36,2
DA:37,2
DA:38,8
DA:39,2
DA:40,2
DA:41,2
DA:42,4
DA:43,2
DA:44,2
DA:45,2
DA:46,4
DA:47,2
DA:50,2
DA:51,2
DA:52,2
DA:53,2
DA:54,2
DA:55,2
DA:56,2
DA:57,2
DA:58,2
DA:59,2
DA:60,2
DA:61,2
DA:62,2
DA:63,2
DA:67,2
DA:68,2
DA:69,2
DA:70,2
DA:71,2
DA:72,2
DA:73,2
DA:74,2
DA:75,2
DA:76,2
DA:77,2
DA:78,2
DA:79,2
DA:80,2
DA:83,1
DA:84,1
DA:85,1
DA:86,1
DA:87,1
DA:88,1
DA:89,1
DA:90,1
DA:91,1
DA:92,1
DA:93,1
DA:94,1
DA:95,1
DA:96,1
LF:56
LH:56
end_of_record
SF:lib/data/models/genre_model.dart
DA:6,2
DA:14,2
DA:15,1
DA:16,1
DA:19,1
DA:20,3
DA:23,1
DA:24,3
LF:8
LH:8
end_of_record
SF:lib/domain/entities/genre.dart
DA:4,8
DA:12,1
DA:13,3
LF:3
LH:3
end_of_record
SF:lib/data/models/season_model.dart
DA:15,2
DA:26,1
DA:27,1
DA:28,1
DA:29,1
DA:30,1
DA:31,1
DA:32,1
DA:33,1
DA:34,1
DA:35,1
DA:38,2
DA:39,1
DA:40,1
DA:41,1
DA:42,1
DA:43,1
DA:44,1
DA:45,1
DA:46,1
DA:49,2
DA:51,3
DA:52,1
DA:53,1
DA:54,1
DA:55,1
DA:56,1
DA:57,1
DA:58,2
LF:29
LH:29
end_of_record
SF:lib/domain/entities/season.dart
DA:13,7
DA:24,1
DA:25,1
DA:26,1
DA:27,1
DA:28,1
DA:29,1
DA:30,1
DA:31,1
DA:32,1
DA:33,1
LF:11
LH:11
end_of_record
SF:lib/domain/entities/tv_show_detail.dart
DA:8,7
DA:40,1
DA:41,1
DA:42,1
DA:43,1
DA:44,1
DA:45,1
DA:46,1
DA:47,1
DA:48,1
DA:49,1
DA:50,1
DA:51,1
DA:52,1
DA:53,1
DA:56,2
DA:57,1
DA:58,1
DA:59,5
DA:60,1
DA:61,1
DA:62,1
DA:63,1
DA:64,1
DA:65,1
DA:66,1
DA:67,1
DA:68,1
LF:28
LH:28
end_of_record
SF:lib/domain/entities/tv_show.dart
DA:4,17
DA:32,2
DA:33,2
DA:34,2
DA:35,2
DA:36,2
DA:37,2
DA:38,2
DA:39,2
DA:40,2
DA:41,2
DA:42,2
DA:43,2
DA:44,2
DA:45,2
LF:15
LH:15
end_of_record
SF:lib/data/repositories/tv_repository_impl.dart
DA:14,1
DA:18,1
DA:21,2
DA:22,5
DA:23,1
DA:25,1
DA:30,1
DA:33,2
DA:34,2
DA:35,1
DA:37,1
DA:42,1
DA:45,2
DA:46,5
DA:47,1
DA:49,1
DA:54,1
DA:57,2
DA:58,5
DA:59,1
DA:61,1
DA:66,1
DA:69,2
DA:70,5
DA:71,1
DA:73,1
DA:78,1
DA:81,2
DA:82,5
DA:83,1
DA:85,1
LF:31
LH:31
end_of_record
SF:lib/domain/usecases/search_tv.dart
DA:10,1
DA:12,1
DA:13,2
LF:3
LH:3
end_of_record
SF:lib/domain/usecases/get_popular_tv.dart
DA:10,1
DA:12,1
DA:13,2
LF:3
LH:3
end_of_record
SF:lib/domain/usecases/get_top_rated_tv.dart
DA:10,1
DA:12,1
DA:13,2
LF:3
LH:3
end_of_record
SF:lib/domain/usecases/get_tv_recommendations.dart
DA:10,1
DA:12,1
DA:13,2
LF:3
LH:3
end_of_record
SF:lib/domain/usecases/get_tv_detail.dart
DA:10,1
DA:12,1
DA:13,2
LF:3
LH:3
end_of_record
SF:lib/presentation/blocs/tv_detail_state.dart
DA:12,6
DA:22,1
DA:23,1
DA:24,1
DA:25,1
DA:26,1
DA:27,1
DA:28,1
DA:29,1
DA:30,1
DA:33,1
DA:42,1
DA:43,1
DA:44,2
DA:45,1
DA:46,1
DA:47,1
DA:48,1
DA:49,1
LF:19
LH:19
end_of_record
SF:lib/presentation/blocs/tv_detail_cubit.dart
DA:15,1
DA:21,1
DA:32,1
DA:33,3
DA:36,3
DA:38,2
DA:39,1
DA:40,1
DA:41,1
DA:42,2
DA:44,1
DA:48,1
DA:49,1
DA:50,2
DA:52,1
DA:56,2
DA:57,1
DA:58,1
DA:59,1
DA:60,2
DA:62,1
DA:66,1
DA:67,1
DA:68,2
DA:79,1
DA:80,3
DA:81,1
DA:82,1
DA:83,4
DA:85,1
DA:86,3
DA:89,2
DA:92,1
DA:93,3
DA:94,1
DA:95,0
DA:96,0
DA:98,1
DA:99,3
DA:102,2
DA:105,1
DA:106,2
DA:107,1
DA:108,2
DA:114,1
DA:115,1
DA:117,1
DA:118,1
DA:119,1
DA:120,1
LF:50
LH:48
end_of_record
SF:lib/presentation/pages/tv_detail_page.dart
DA:15,1
DA:20,1
DA:21,1
DA:25,1
DA:27,1
DA:28,2
DA:29,5
DA:30,5
DA:34,1
DA:36,1
DA:37,1
DA:38,1
DA:39,1
DA:40,2
DA:44,2
DA:46,1
DA:47,1
DA:49,1
DA:50,1
DA:54,0
DA:63,1
DA:74,1
DA:76,3
DA:77,1
DA:78,1
DA:79,1
DA:80,3
DA:82,1
DA:85,0
DA:87,1
DA:89,1
DA:91,1
DA:92,1
DA:102,1
DA:103,1
DA:104,1
DA:106,1
DA:108,1
DA:110,1
DA:111,1
DA:112,2
DA:113,1
DA:115,1
DA:116,0
DA:117,0
DA:119,0
DA:120,0
DA:122,0
DA:125,0
DA:126,0
DA:128,0
DA:131,0
DA:134,0
DA:135,0
DA:137,0
DA:139,0
DA:140,0
DA:141,0
DA:147,1
DA:149,1
DA:150,1
DA:157,1
DA:158,3
DA:160,1
DA:161,3
DA:163,1
DA:164,1
DA:165,1
DA:166,3
DA:168,1
DA:174,4
DA:178,1
DA:180,1
DA:182,1
DA:183,2
DA:186,4
DA:187,1
DA:189,1
DA:191,3
DA:192,2
DA:193,3
DA:197,1
DA:199,1
DA:201,1
DA:203,1
DA:204,1
DA:205,2
DA:210,2
DA:212,0
DA:213,2
DA:215,1
DA:217,1
DA:219,0
DA:220,0
DA:221,0
DA:223,0
DA:224,0
DA:225,0
DA:228,0
DA:231,0
DA:236,0
DA:238,0
DA:239,0
DA:245,0
DA:252,2
DA:256,0
DA:264,1
DA:266,1
DA:278,1
DA:280,1
DA:283,1
DA:285,0
DA:286,0
DA:295,1
DA:297,2
DA:298,3
DA:301,1
DA:305,3
DA:308,1
DA:309,1
DA:310,1
DA:312,1
DA:313,1
DA:315,0
LF:124
LH:90
end_of_record
SF:lib/presentation/widgets/season_list_tile.dart
DA:10,1
DA:19,1
DA:21,2
DA:22,2
DA:23,2
DA:25,1
DA:28,1
DA:30,1
DA:31,3
DA:32,1
DA:34,3
DA:35,0
DA:37,0
DA:38,0
DA:39,0
DA:40,0
DA:41,0
DA:44,0
DA:48,1
DA:49,2
DA:50,2
DA:51,4
DA:53,0
DA:54,2
DA:55,1
DA:56,1
DA:57,1
DA:58,1
DA:59,1
DA:61,1
DA:67,2
DA:71,3
DA:72,0
DA:73,0
LF:34
LH:24
end_of_record
SF:lib/domain/usecases/get_on_the_air_tv.dart
DA:10,1
DA:12,1
DA:13,2
LF:3
LH:3
end_of_record
SF:lib/presentation/blocs/on_the_air_tv_cubit.dart
DA:11,1
DA:13,1
DA:17,1
DA:18,3
DA:21,3
DA:23,2
DA:24,1
DA:25,1
DA:26,1
DA:27,2
DA:28,1
DA:33,1
DA:34,1
DA:35,2
LF:14
LH:14
end_of_record
SF:lib/presentation/blocs/on_the_air_tv_state.dart
DA:8,6
DA:14,1
DA:15,1
DA:16,1
DA:17,1
DA:18,1
DA:21,1
DA:26,1
DA:27,0
DA:28,1
DA:29,1
LF:11
LH:10
end_of_record
SF:lib/presentation/blocs/tv_search_cubit.dart
DA:11,1
DA:13,1
DA:17,1
DA:18,3
DA:21,3
DA:23,2
DA:24,1
DA:25,1
DA:26,1
DA:27,2
DA:28,1
DA:33,1
DA:34,1
DA:35,2
LF:14
LH:14
end_of_record
SF:lib/presentation/blocs/tv_search_state.dart
DA:8,2
DA:14,1
DA:15,1
DA:16,1
DA:17,1
DA:18,1
DA:21,1
DA:26,1
DA:27,0
DA:28,1
DA:29,1
LF:11
LH:10
end_of_record
SF:lib/presentation/blocs/tv_list_cubit.dart
DA:13,1
DA:17,1
DA:23,1
DA:24,3
DA:27,3
DA:29,2
DA:30,1
DA:31,1
DA:32,1
DA:33,2
DA:34,1
DA:39,1
DA:40,1
DA:41,2
DA:50,1
DA:51,3
DA:54,3
DA:56,2
DA:57,1
DA:58,1
DA:59,1
DA:60,2
DA:61,1
DA:66,1
DA:67,1
DA:68,2
DA:77,1
DA:78,3
DA:81,3
DA:83,2
DA:84,1
DA:85,1
DA:86,1
DA:87,2
DA:88,1
DA:93,1
DA:94,1
DA:95,2
LF:38
LH:38
end_of_record
SF:lib/presentation/blocs/tv_list_state.dart
DA:12,2
DA:22,1
DA:23,1
DA:24,1
DA:25,1
DA:26,1
DA:27,1
DA:28,1
DA:29,1
DA:30,1
DA:33,1
DA:42,1
DA:43,1
DA:44,1
DA:45,1
DA:46,1
DA:47,1
DA:48,1
DA:49,1
LF:19
LH:19
end_of_record
SF:lib/presentation/blocs/top_rated_tv_state.dart
DA:8,4
DA:14,1
DA:15,1
DA:16,1
DA:17,1
DA:18,1
DA:21,1
DA:26,1
DA:27,0
DA:28,1
DA:29,1
LF:11
LH:10
end_of_record
SF:lib/presentation/blocs/top_rated_tv_cubit.dart
DA:11,1
DA:13,1
DA:17,1
DA:18,3
DA:21,3
DA:23,2
DA:24,1
DA:25,1
DA:26,1
DA:27,2
DA:28,1
DA:33,1
DA:34,1
DA:35,2
LF:14
LH:14
end_of_record
SF:lib/presentation/blocs/popular_tv_state.dart
DA:8,4
DA:14,1
DA:15,1
DA:16,1
DA:17,1
DA:18,1
DA:21,1
DA:26,1
DA:27,0
DA:28,1
DA:29,1
LF:11
LH:10
end_of_record
SF:lib/presentation/blocs/popular_tv_cubit.dart
DA:11,1
DA:13,1
DA:17,1
DA:18,3
DA:21,3
DA:23,2
DA:24,1
DA:25,1
DA:26,1
DA:27,2
DA:28,1
DA:33,1
DA:34,1
DA:35,2
LF:14
LH:14
end_of_record
SF:lib/presentation/pages/on_the_air_tv_page.dart
DA:9,1
DA:11,1
DA:12,1
DA:16,1
DA:18,1
DA:19,1
DA:20,4
DA:23,1
DA:25,1
DA:26,1
DA:29,1
DA:31,1
DA:32,1
DA:33,2
DA:37,2
DA:38,1
DA:39,1
DA:40,2
DA:41,1
DA:43,2
DA:46,1
DA:48,2
LF:22
LH:22
end_of_record
SF:lib/presentation/widgets/tv_card.dart
DA:8,3
DA:15,3
DA:17,3
DA:19,3
DA:20,0
DA:21,0
DA:24,0
DA:28,3
DA:30,3
DA:31,3
DA:32,3
DA:38,3
DA:40,3
DA:41,3
DA:42,6
DA:45,3
DA:48,3
DA:49,6
DA:57,3
DA:62,3
DA:64,3
DA:65,9
DA:67,3
DA:70,0
LF:24
LH:20
end_of_record
SF:lib/presentation/pages/top_rated_tv_page.dart
DA:9,1
DA:11,1
DA:12,1
DA:16,1
DA:18,1
DA:19,5
DA:22,1
DA:24,1
DA:25,1
DA:28,1
DA:30,1
DA:31,1
DA:32,2
DA:36,2
DA:37,1
DA:38,1
DA:39,2
DA:40,1
DA:42,2
DA:45,1
DA:47,2
LF:21
LH:21
end_of_record
SF:lib/presentation/pages/popular_tv_page.dart
DA:9,1
DA:11,1
DA:12,1
DA:16,1
DA:18,1
DA:19,5
DA:22,1
DA:24,1
DA:25,1
DA:28,1
DA:30,1
DA:31,1
DA:32,2
DA:36,2
DA:37,1
DA:38,1
DA:39,2
DA:40,1
DA:42,2
DA:45,1
DA:47,2
LF:21
LH:21
end_of_record
