SF:lib/data/datasources/movie_remote_data_source.dart
DA:25,1
DA:27,1
DA:30,3
DA:32,2
DA:33,4
DA:35,1
DA:39,1
DA:42,4
DA:44,2
DA:45,3
DA:47,1
DA:51,1
DA:53,1
DA:54,3
DA:56,2
DA:57,4
DA:59,1
DA:63,1
DA:66,3
DA:68,2
DA:69,4
DA:71,1
DA:75,1
DA:78,3
DA:80,2
DA:81,4
DA:83,1
DA:87,1
DA:89,1
DA:90,3
DA:92,2
DA:93,4
DA:95,1
LF:33
LH:33
end_of_record
SF:lib/data/models/movie_detail_model.dart
DA:7,2
DA:53,1
DA:54,1
DA:55,1
DA:56,1
DA:57,1
DA:58,1
DA:59,4
DA:60,1
DA:61,1
DA:62,1
DA:63,1
DA:64,1
DA:65,1
DA:66,2
DA:67,1
DA:68,1
DA:69,1
DA:70,1
DA:71,1
DA:72,1
DA:73,1
DA:74,1
DA:75,2
DA:76,1
DA:79,1
DA:80,1
DA:81,1
DA:82,1
DA:83,5
DA:84,1
DA:85,1
DA:86,1
DA:87,1
DA:88,1
DA:89,1
DA:90,1
DA:91,1
DA:92,1
DA:93,1
DA:97,1
DA:98,1
DA:99,1
DA:100,1
DA:101,1
DA:102,1
DA:103,1
DA:104,1
DA:105,1
DA:106,1
DA:107,1
DA:108,1
DA:109,1
DA:110,1
DA:111,1
DA:112,1
DA:113,1
DA:114,1
DA:115,1
DA:116,1
DA:117,1
DA:118,1
DA:119,1
LF:63
LH:63
end_of_record
SF:lib/data/models/movie_response.dart
DA:8,3
DA:10,4
DA:11,4
DA:12,6
DA:13,6
DA:16,2
DA:17,5
DA:20,1
DA:21,2
LF:9
LH:9
end_of_record
SF:lib/data/models/movie_model.dart
DA:6,5
DA:36,4
DA:37,2
DA:38,2
DA:39,8
DA:40,2
DA:41,2
DA:42,2
DA:43,4
DA:44,2
DA:45,2
DA:46,2
DA:47,2
DA:48,4
DA:49,2
DA:52,2
DA:53,1
DA:54,1
DA:55,4
DA:56,1
DA:57,1
DA:58,1
DA:59,1
DA:60,1
DA:61,1
DA:62,1
DA:63,1
DA:64,1
DA:65,1
DA:68,2
DA:69,2
DA:70,2
DA:71,2
DA:72,2
DA:73,2
DA:74,2
DA:75,2
DA:76,2
DA:77,2
DA:78,2
DA:79,2
DA:80,2
DA:81,2
DA:85,2
DA:86,2
DA:87,2
DA:88,2
DA:89,2
DA:90,2
DA:91,2
DA:92,2
DA:93,2
DA:94,2
DA:95,2
DA:96,2
DA:97,2
DA:98,2
DA:99,2
LF:58
LH:58
end_of_record
SF:lib/data/models/genre_model.dart
DA:6,2
DA:14,2
DA:15,1
DA:16,1
DA:19,1
DA:20,3
DA:23,1
DA:24,3
LF:8
LH:8
end_of_record
SF:lib/domain/entities/genre.dart
DA:4,6
DA:12,1
DA:13,3
LF:3
LH:3
end_of_record
SF:lib/domain/entities/movie_detail.dart
DA:7,6
DA:37,1
DA:38,1
DA:39,1
DA:40,1
DA:41,1
DA:42,1
DA:43,1
DA:44,1
DA:45,1
DA:46,1
DA:47,1
DA:48,1
DA:49,1
DA:52,2
DA:53,1
DA:54,1
DA:55,5
DA:56,1
DA:57,1
DA:58,1
DA:59,1
DA:60,1
DA:61,1
DA:62,1
DA:63,1
DA:64,1
LF:27
LH:27
end_of_record
SF:lib/domain/entities/movie.dart
DA:4,15
DA:19,4
DA:47,3
DA:48,3
DA:49,3
DA:50,3
DA:51,3
DA:52,3
DA:53,3
DA:54,3
DA:55,3
DA:56,3
DA:57,3
DA:58,3
DA:59,3
DA:60,3
LF:16
LH:16
end_of_record
SF:lib/data/repositories/movie_repository_impl.dart
DA:14,1
DA:18,1
DA:21,2
DA:22,5
DA:23,1
DA:25,1
DA:30,1
DA:33,2
DA:34,2
DA:35,1
DA:37,1
DA:42,1
DA:45,2
DA:46,3
DA:47,1
DA:49,1
DA:54,1
DA:57,2
DA:58,5
DA:59,1
DA:61,1
DA:66,1
DA:69,2
DA:70,5
DA:71,1
DA:73,1
DA:78,1
DA:81,2
DA:82,5
DA:83,1
DA:85,1
LF:31
LH:31
end_of_record
SF:lib/domain/usecases/get_top_rated_movies.dart
DA:10,1
DA:12,1
DA:13,2
LF:3
LH:3
end_of_record
SF:lib/domain/usecases/get_movie_detail.dart
DA:10,1
DA:12,1
DA:13,2
LF:3
LH:3
end_of_record
SF:lib/domain/usecases/get_movie_recommendations.dart
DA:10,1
DA:12,1
DA:13,2
LF:3
LH:3
end_of_record
SF:lib/domain/usecases/get_now_playing_movies.dart
DA:10,1
DA:12,1
DA:13,2
LF:3
LH:3
end_of_record
SF:lib/domain/usecases/get_popular_movies.dart
DA:10,1
DA:12,1
DA:13,2
LF:3
LH:3
end_of_record
SF:lib/domain/usecases/search_movies.dart
DA:10,1
DA:12,1
DA:13,2
LF:3
LH:3
end_of_record
SF:lib/presentation/blocs/top_rated_movies_cubit.dart
DA:11,1
DA:13,1
DA:17,1
DA:18,3
DA:21,3
DA:23,2
DA:24,1
DA:25,1
DA:26,1
DA:27,2
DA:28,1
DA:33,1
DA:34,1
DA:35,2
LF:14
LH:14
end_of_record
SF:lib/presentation/blocs/top_rated_movies_state.dart
DA:8,5
DA:14,1
DA:15,1
DA:16,1
DA:17,1
DA:18,1
DA:21,1
DA:26,1
DA:27,0
DA:28,1
DA:29,1
LF:11
LH:10
end_of_record
SF:lib/presentation/blocs/popular_movies_cubit.dart
DA:11,1
DA:13,1
DA:17,1
DA:18,3
DA:21,3
DA:23,2
DA:24,1
DA:25,1
DA:26,1
DA:27,2
DA:28,1
DA:33,1
DA:34,1
DA:35,2
LF:14
LH:14
end_of_record
SF:lib/presentation/blocs/popular_movies_state.dart
DA:8,4
DA:14,1
DA:15,1
DA:16,1
DA:17,1
DA:18,1
DA:21,1
DA:26,1
DA:27,0
DA:28,1
DA:29,1
LF:11
LH:10
end_of_record
SF:lib/presentation/blocs/movie_list_cubit.dart
DA:13,1
DA:17,1
DA:23,1
DA:24,3
DA:27,3
DA:29,2
DA:30,1
DA:31,1
DA:32,1
DA:33,2
DA:34,1
DA:39,1
DA:40,1
DA:41,2
DA:50,1
DA:51,3
DA:54,3
DA:56,2
DA:57,1
DA:58,1
DA:59,1
DA:60,2
DA:61,1
DA:66,1
DA:67,1
DA:68,2
DA:77,1
DA:78,3
DA:81,3
DA:83,2
DA:84,1
DA:85,1
DA:86,1
DA:87,2
DA:88,1
DA:93,1
DA:94,1
DA:95,2
LF:38
LH:38
end_of_record
SF:lib/presentation/blocs/movie_list_state.dart
DA:12,2
DA:22,1
DA:23,1
DA:24,1
DA:25,1
DA:26,1
DA:27,1
DA:28,1
DA:29,1
DA:30,1
DA:33,1
DA:42,1
DA:43,1
DA:44,1
DA:45,1
DA:46,1
DA:47,1
DA:48,1
DA:49,1
LF:19
LH:19
end_of_record
SF:lib/presentation/blocs/movie_search_state.dart
DA:8,2
DA:14,1
DA:15,1
DA:16,1
DA:17,1
DA:18,1
DA:21,1
DA:26,1
DA:27,0
DA:28,1
DA:29,1
LF:11
LH:10
end_of_record
SF:lib/presentation/blocs/movie_search_cubit.dart
DA:11,1
DA:13,1
DA:17,1
DA:18,3
DA:21,3
DA:23,2
DA:24,1
DA:25,1
DA:26,1
DA:27,2
DA:28,1
DA:33,1
DA:34,1
DA:35,2
LF:14
LH:14
end_of_record
SF:lib/presentation/blocs/movie_detail_cubit.dart
DA:15,1
DA:21,1
DA:32,1
DA:33,3
DA:36,3
DA:38,2
DA:39,1
DA:40,1
DA:41,1
DA:42,2
DA:44,1
DA:48,1
DA:49,1
DA:50,2
DA:52,1
DA:56,2
DA:57,1
DA:58,1
DA:59,1
DA:60,2
DA:62,1
DA:66,1
DA:67,1
DA:68,2
DA:79,1
DA:80,3
DA:81,1
DA:82,1
DA:83,4
DA:85,1
DA:86,3
DA:89,2
DA:92,1
DA:93,3
DA:94,1
DA:95,0
DA:96,0
DA:98,1
DA:99,3
DA:102,2
DA:105,1
DA:106,2
DA:107,1
DA:108,2
DA:114,1
DA:115,1
DA:117,1
DA:118,1
DA:119,1
DA:120,1
LF:50
LH:48
end_of_record
SF:lib/presentation/blocs/movie_detail_state.dart
DA:12,4
DA:22,1
DA:23,1
DA:24,1
DA:25,1
DA:26,1
DA:27,1
DA:28,1
DA:29,1
DA:30,1
DA:33,1
DA:42,1
DA:43,1
DA:44,2
DA:45,1
DA:46,1
DA:47,1
DA:48,1
DA:49,1
LF:19
LH:19
end_of_record
SF:lib/presentation/pages/top_rated_movies_page.dart
DA:9,1
DA:11,1
DA:12,1
DA:16,1
DA:18,1
DA:19,5
DA:22,1
DA:24,1
DA:25,1
DA:28,1
DA:30,1
DA:31,1
DA:32,2
DA:36,2
DA:37,1
DA:38,0
DA:39,0
DA:40,0
DA:42,2
DA:45,1
DA:47,2
LF:21
LH:18
end_of_record
SF:lib/presentation/widgets/movie_card_list.dart
DA:8,0
DA:15,0
DA:17,0
DA:19,0
DA:20,0
DA:21,0
DA:24,0
DA:27,0
DA:29,0
DA:30,0
DA:31,0
DA:37,0
DA:39,0
DA:40,0
DA:41,0
DA:44,0
DA:47,0
DA:48,0
DA:56,0
DA:61,0
DA:63,0
DA:64,0
DA:66,0
DA:69,0
LF:24
LH:0
end_of_record
SF:lib/presentation/pages/movie_detail_page.dart
DA:13,1
DA:20,1
DA:21,1
DA:25,1
DA:27,1
DA:28,2
DA:29,5
DA:30,5
DA:34,1
DA:36,1
DA:37,1
DA:38,1
DA:39,1
DA:40,2
DA:44,2
DA:46,1
DA:47,1
DA:49,1
DA:50,1
DA:54,0
DA:67,1
DA:70,1
DA:72,3
DA:73,1
DA:74,1
DA:75,1
DA:76,3
DA:78,1
DA:81,0
DA:83,1
DA:85,1
DA:86,1
DA:87,1
DA:97,1
DA:98,1
DA:99,1
DA:101,1
DA:103,1
DA:105,1
DA:106,1
DA:107,2
DA:108,1
DA:110,1
DA:111,1
DA:112,1
DA:114,1
DA:115,2
DA:117,0
DA:120,1
DA:121,2
DA:123,1
DA:126,1
DA:129,0
DA:130,0
DA:132,1
DA:134,1
DA:135,1
DA:136,1
DA:142,1
DA:144,1
DA:145,1
DA:152,1
DA:153,3
DA:155,1
DA:156,3
DA:158,1
DA:159,1
DA:160,1
DA:161,3
DA:163,1
DA:169,4
DA:173,1
DA:175,1
DA:177,1
DA:178,2
DA:181,1
DA:183,1
DA:185,1
DA:186,1
DA:187,2
DA:192,2
DA:194,0
DA:195,2
DA:197,1
DA:199,1
DA:201,0
DA:202,0
DA:203,0
DA:205,0
DA:206,0
DA:207,0
DA:210,0
DA:213,0
DA:218,0
DA:220,0
DA:221,0
DA:227,0
DA:234,2
DA:238,0
DA:246,1
DA:248,1
DA:263,1
DA:265,1
DA:268,1
DA:270,0
DA:271,0
DA:280,1
DA:282,2
DA:283,3
DA:286,1
DA:290,3
DA:293,1
DA:294,1
DA:295,1
DA:297,1
DA:298,1
DA:300,0
LF:117
LH:95
end_of_record
SF:lib/presentation/pages/popular_movies_page.dart
DA:9,1
DA:11,1
DA:12,1
DA:16,1
DA:18,1
DA:19,5
DA:22,1
DA:24,1
DA:25,1
DA:28,1
DA:30,1
DA:31,1
DA:32,2
DA:36,2
DA:37,1
DA:38,0
DA:39,0
DA:40,0
DA:42,2
DA:45,1
DA:47,2
LF:21
LH:18
end_of_record
